2018-08-03 14:43:32,921 [1] INFO  UILayer.UpdateEmployee Employee search done...
2018-08-03 14:43:36,132 [1] INFO  UILayer.UpdateEmployee Employee Updated Successfully
2018-08-03 14:47:41,042 [10] INFO  UILayer.UpdateEmployee Employee search done...
2018-08-03 14:47:46,504 [10] INFO  UILayer.UpdateEmployee Employee Updated Successfully
2018-08-05 19:36:00,917 [1] INFO  UILayer.ShowEmplyees Employee Data Displayed
2018-08-05 19:36:22,282 [1] INFO  UILayer.ShowEmplyees Employee Data Displayed
2018-08-05 19:36:49,004 [1] INFO  UILayer.ShowEmplyees Employee Data Displayed
2018-08-05 19:49:56,732 [1] INFO  UILayer.SaveEmployee Employee Data Addded Successfully
2018-08-05 19:50:08,171 [1] INFO  UILayer.UpdateEmployee Employee search done...
2018-08-05 19:50:26,051 [1] INFO  UILayer.UpdateEmployee Employee Updated Successfully
2018-08-05 19:50:36,626 [1] INFO  UILayer.DeleteEmployee Employee search done...
2018-08-05 19:50:43,777 [1] INFO  UILayer.DeleteEmployee Employee deleted successfully
2018-08-05 19:50:55,290 [1] INFO  UILayer.DeleteEmployee Employee deleted successfully
2018-08-05 19:51:11,523 [1] INFO  UILayer.ShowEmplyees Employee Data Displayed
2018-08-05 19:51:23,702 [1] INFO  UILayer.DeleteEmployee Employee search done...
2018-08-05 19:51:33,457 [1] INFO  UILayer.DeleteEmployee Employee deleted successfully
2018-08-05 19:51:36,913 [1] INFO  UILayer.ShowEmplyees Employee Data Displayed
2018-08-05 19:54:31,334 [1] INFO  UILayer.ShowEmplyees Employee Data Displayed
2018-08-05 19:54:40,898 [1] INFO  UILayer.DeleteEmployee Employee search done...
2018-08-05 19:54:43,108 [1] INFO  UILayer.DeleteEmployee Employee deleted successfully
2018-08-05 19:54:49,342 [1] INFO  UILayer.DeleteEmployee Employee deleted successfully
2018-08-05 19:55:47,278 [1] INFO  UILayer.DeleteEmployee Employee search done...
2018-08-05 19:55:52,270 [1] INFO  UILayer.DeleteEmployee Employee search done...
2018-08-05 19:55:53,826 [1] INFO  UILayer.DeleteEmployee Employee search done...
2018-08-05 19:55:58,297 [1] INFO  UILayer.DeleteEmployee Employee search done...
2018-08-05 19:55:59,546 [1] INFO  UILayer.DeleteEmployee Employee search done...
2018-08-05 19:56:02,446 [1] INFO  UILayer.ShowEmplyees Employee Data Displayed
2018-08-05 19:56:13,223 [1] INFO  UILayer.DeleteEmployee Employee search done...
2018-08-05 19:56:19,592 [1] INFO  UILayer.ShowEmplyees Employee Data Displayed
